0 info it worked if it ends with ok
1 verbose cli [ '/usr/local/Cellar/node/5.7.0/bin/node',
1 verbose cli   '/usr/local/bin/npm',
1 verbose cli   'publish' ]
2 info using npm@3.6.0
3 info using node@v5.7.0
4 verbose publish [ '.' ]
5 silly cache add args [ '.', null ]
6 verbose cache add spec .
7 silly cache add parsed spec Result {
7 silly cache add   raw: '.',
7 silly cache add   scope: null,
7 silly cache add   name: null,
7 silly cache add   rawSpec: '.',
7 silly cache add   spec: '/Users/bastian/Sites/arraytocsv',
7 silly cache add   type: 'directory' }
8 verbose addLocalDirectory /Users/bastian/.npm/arraytocsv/1.0.0/package.tgz not in flight; packing
9 verbose correctMkdir /Users/bastian/.npm correctMkdir not in flight; initializing
10 info lifecycle arraytocsv@1.0.0~prepublish: arraytocsv@1.0.0
11 silly lifecycle arraytocsv@1.0.0~prepublish: no script for prepublish, continuing
12 verbose tar pack [ '/Users/bastian/.npm/arraytocsv/1.0.0/package.tgz',
12 verbose tar pack   '/Users/bastian/Sites/arraytocsv' ]
13 verbose tarball /Users/bastian/.npm/arraytocsv/1.0.0/package.tgz
14 verbose folder /Users/bastian/Sites/arraytocsv
15 verbose addLocalTarball adding from inside cache /Users/bastian/.npm/arraytocsv/1.0.0/package.tgz
16 verbose correctMkdir /Users/bastian/.npm correctMkdir not in flight; initializing
17 silly cache afterAdd arraytocsv@1.0.0
18 verbose afterAdd /Users/bastian/.npm/arraytocsv/1.0.0/package/package.json not in flight; writing
19 verbose correctMkdir /Users/bastian/.npm correctMkdir not in flight; initializing
20 verbose afterAdd /Users/bastian/.npm/arraytocsv/1.0.0/package/package.json written
21 silly publish { name: 'arraytocsv',
21 silly publish   version: '1.0.0',
21 silly publish   description: 'Convert an array to csv format.',
21 silly publish   main: 'index.js',
21 silly publish   scripts: { test: 'echo "Error: no test specified" && exit 1' },
21 silly publish   repository:
21 silly publish    { type: 'git',
21 silly publish      url: 'git+https://github.com/BastianHofmann/arraytocsv.git' },
21 silly publish   keywords: [ 'array', 'csv' ],
21 silly publish   author: { name: 'Bastian Hofmann' },
21 silly publish   license: 'MIT',
21 silly publish   bugs: { url: 'https://github.com/BastianHofmann/arraytocsv/issues' },
21 silly publish   homepage: 'https://github.com/BastianHofmann/arraytocsv#readme',
21 silly publish   readme: '# ArrayToCsv\n\n## Installation\n\nInstallation command is `npm install arraytocsv`.\n\n## Usage\n\n```javascript\nvar arrayToCsv = require(\'arraytocsv\');\n\narrayToCsv([\n  [\'Head 1\', \'Head 2\'],\n  [\'Value 1\', \'Value 2\']\n]);\n```\n',
21 silly publish   readmeFilename: 'README.md',
21 silly publish   gitHead: '7a9851fc4a39c3ea4ea603856cb70b1d472b9fd5',
21 silly publish   _id: 'arraytocsv@1.0.0',
21 silly publish   _shasum: '4d6ac506c140834a94b2afb5c8cb041e44ab9837',
21 silly publish   _from: '.' }
22 verbose getPublishConfig undefined
23 silly mapToRegistry name arraytocsv
24 silly mapToRegistry using default registry
25 silly mapToRegistry registry https://registry.npmjs.org/
26 silly mapToRegistry uri https://registry.npmjs.org/arraytocsv
27 verbose publish registryBase https://registry.npmjs.org/
28 silly publish uploading /Users/bastian/.npm/arraytocsv/1.0.0/package.tgz
29 verbose request uri https://registry.npmjs.org/arraytocsv
30 verbose request sending authorization for write operation
31 info attempt registry request try #1 at 3:21:46 PM
32 verbose request using bearer token for auth
33 verbose request id c610ba159c8daed3
34 http request PUT https://registry.npmjs.org/arraytocsv
35 http 403 https://registry.npmjs.org/arraytocsv
36 verbose headers { 'content-type': 'application/json',
36 verbose headers   'cache-control': 'max-age=300',
36 verbose headers   'content-length': '95',
36 verbose headers   'accept-ranges': 'bytes',
36 verbose headers   date: 'Thu, 24 Mar 2016 14:21:48 GMT',
36 verbose headers   via: '1.1 varnish',
36 verbose headers   connection: 'keep-alive',
36 verbose headers   'x-served-by': 'cache-fra1240-FRA',
36 verbose headers   'x-cache': 'MISS',
36 verbose headers   'x-cache-hits': '0',
36 verbose headers   'x-timer': 'S1458829307.075815,VS0,VE1007' }
37 verbose request invalidating /Users/bastian/.npm/registry.npmjs.org/arraytocsv on PUT
38 error publish Failed PUT 403
39 verbose stack Error: "You cannot publish over the previously published version 1.0.0." : arraytocsv
39 verbose stack     at makeError (/usr/local/lib/node_modules/npm/node_modules/npm-registry-client/lib/request.js:264:12)
39 verbose stack     at CachingRegistryClient.<anonymous> (/usr/local/lib/node_modules/npm/node_modules/npm-registry-client/lib/request.js:252:14)
39 verbose stack     at Request._callback (/usr/local/lib/node_modules/npm/node_modules/npm-registry-client/lib/request.js:172:14)
39 verbose stack     at Request.self.callback (/usr/local/lib/node_modules/npm/node_modules/request/request.js:198:22)
39 verbose stack     at emitTwo (events.js:100:13)
39 verbose stack     at Request.emit (events.js:185:7)
39 verbose stack     at Request.<anonymous> (/usr/local/lib/node_modules/npm/node_modules/request/request.js:1035:10)
39 verbose stack     at emitOne (events.js:95:20)
39 verbose stack     at Request.emit (events.js:182:7)
39 verbose stack     at IncomingMessage.<anonymous> (/usr/local/lib/node_modules/npm/node_modules/request/request.js:962:12)
40 verbose statusCode 403
41 verbose pkgid arraytocsv
42 verbose cwd /Users/bastian/Sites/arraytocsv
43 error Darwin 15.3.0
44 error argv "/usr/local/Cellar/node/5.7.0/bin/node" "/usr/local/bin/npm" "publish"
45 error node v5.7.0
46 error npm  v3.6.0
47 error code E403
48 error "You cannot publish over the previously published version 1.0.0." : arraytocsv
49 error If you need help, you may report this error at:
49 error     <https://github.com/npm/npm/issues>
50 verbose exit [ 1, true ]
